sweet-alert-dialog-master/sample/build/intermediates/manifest_merge_blame_file/debug/manifest-merger-blame-debug-report.txt
1<?xml version="1.0" encoding="utf-8"?>
2<manifest xmlns:android="http://schemas.android.com/apk/res/android"
3    package="cn.pedant.SweetAlert.sample"
4    android:versionCode="1"
5    android:versionName="1.0" >
6
7    <uses-sdk
7-->src\main\AndroidManifest.xml:7:5-72
8        android:minSdkVersion="16"
8-->src\main\AndroidManifest.xml:7:15-40
9        android:targetSdkVersion="25" />
9-->src\main\AndroidManifest.xml:7:41-70
10
11    <application
11-->src\main\AndroidManifest.xml:8:5-20:19
12        android:allowBackup="true"
12-->[com.pnikosis:materialish-progress:1.0] AndroidManifest.xml:12:9-35
13        android:debuggable="true"
14        android:icon="@drawable/ic_launcher2"
14-->src\main\AndroidManifest.xml:10:9-46
15        android:label="@string/app_name"
15-->src\main\AndroidManifest.xml:9:9-41
16        android:testOnly="true"
17        android:theme="@android:style/Theme.NoTitleBar" >
17-->src\main\AndroidManifest.xml:11:9-56
18        <activity
18-->src\main\AndroidManifest.xml:13:9-19:20
19            android:name="cn.pedant.SweetAlert.sample.SampleActivity"
19-->src\main\AndroidManifest.xml:13:19-49
20            android:label="@string/app_name" >
20-->src\main\AndroidManifest.xml:14:19-51
21            <intent-filter>
21-->src\main\AndroidManifest.xml:15:13-18:29
22                <action android:name="android.intent.action.MAIN" />
22-->src\main\AndroidManifest.xml:16:17-68
22-->src\main\AndroidManifest.xml:16:25-66
23
24                <category android:name="android.intent.category.LAUNCHER" />
24-->src\main\AndroidManifest.xml:17:17-76
24-->src\main\AndroidManifest.xml:17:27-74
25            </intent-filter>
26        </activity>
27    </application>
28
29</manifest>